[2024-03-20 11:55:05,686] ERROR in app: Exception on /kill/ [POST]
Traceback (most recent call last):
  File "/usr/local/lib/python3.10/dist-packages/flask/app.py", line 1455, in wsgi_app
    response = self.full_dispatch_request()
  File "/usr/local/lib/python3.10/dist-packages/flask/app.py", line 869, in full_dispatch_request
    rv = self.handle_user_exception(e)
  File "/usr/local/lib/python3.10/dist-packages/flask/app.py", line 867, in full_dispatch_request
    rv = self.dispatch_request()
  File "/usr/local/lib/python3.10/dist-packages/flask/app.py", line 852, in dispatch_request
    return self.ensure_sync(self.view_functions[rule.endpoint])(**view_args)
  File "/home/flaskapp/main.py", line 62, in kill_request
    pdata = kill_reg(conn)
  File "/home/flaskapp/functions/kill_reg.py", line 23, in kill_reg
    balance_fetch, HdPz_fetch, kills_fetch = cur.fetchone()
TypeError: cannot unpack non-iterable NoneType object
[2024-03-20 13:18:57 +0300] [1778552] [INFO] Worker exiting (pid: 1778552)
[2024-03-20 13:18:57 +0300] [1778546] [INFO] Handling signal: term
[2024-03-20 13:18:57 +0300] [1778546] [WARNING] Worker with pid 1778552 was terminated due to signal 15
[2024-03-20 13:18:57 +0300] [1778546] [INFO] Shutting down: Master
[2024-03-20 13:18:58 +0300] [1797010] [INFO] Starting gunicorn 20.1.0
[2024-03-20 13:18:58 +0300] [1797010] [INFO] Listening at: http://0.0.0.0:5000 (1797010)
[2024-03-20 13:18:58 +0300] [1797010] [INFO] Using worker: sync
[2024-03-20 13:18:58 +0300] [1797013] [INFO] Booting worker with pid: 1797013
[2024-03-20 13:19:48,233] ERROR in app: Exception on /kill/ [POST]
Traceback (most recent call last):
  File "/usr/local/lib/python3.10/dist-packages/flask/app.py", line 1455, in wsgi_app
    response = self.full_dispatch_request()
  File "/usr/local/lib/python3.10/dist-packages/flask/app.py", line 869, in full_dispatch_request
    rv = self.handle_user_exception(e)
  File "/usr/local/lib/python3.10/dist-packages/flask/app.py", line 867, in full_dispatch_request
    rv = self.dispatch_request()
  File "/usr/local/lib/python3.10/dist-packages/flask/app.py", line 852, in dispatch_request
    return self.ensure_sync(self.view_functions[rule.endpoint])(**view_args)
  File "/home/flaskapp/main.py", line 62, in kill_request
    pdata = kill_reg(conn)
  File "/home/flaskapp/functions/kill_reg.py", line 23, in kill_reg
    balance_fetch, HdPz_fetch, kills_fetch = cur.fetchone()
TypeError: cannot unpack non-iterable NoneType object
[2024-03-20 13:49:38 +0300] [1797013] [INFO] Worker exiting (pid: 1797013)
[2024-03-20 13:49:38 +0300] [1797010] [INFO] Handling signal: term
[2024-03-20 13:49:39 +0300] [1797010] [WARNING] Worker with pid 1797013 was terminated due to signal 15
[2024-03-20 13:49:39 +0300] [1797010] [INFO] Shutting down: Master
[2024-03-20 13:50:02 +0300] [579] [INFO] Starting gunicorn 20.1.0
[2024-03-20 13:50:02 +0300] [579] [INFO] Listening at: http://0.0.0.0:5000 (579)
[2024-03-20 13:50:02 +0300] [579] [INFO] Using worker: sync
[2024-03-20 13:50:02 +0300] [717] [INFO] Booting worker with pid: 717
[2024-03-20 13:53:24 +0300] [717] [INFO] Worker exiting (pid: 717)
[2024-03-20 13:53:25 +0300] [579] [INFO] Handling signal: term
[2024-03-20 13:53:25 +0300] [579] [WARNING] Worker with pid 717 was terminated due to signal 15
[2024-03-20 13:53:25 +0300] [579] [INFO] Shutting down: Master
[2024-03-20 13:53:44 +0300] [577] [INFO] Starting gunicorn 20.1.0
[2024-03-20 13:53:44 +0300] [577] [INFO] Listening at: http://0.0.0.0:5000 (577)
[2024-03-20 13:53:44 +0300] [577] [INFO] Using worker: sync
[2024-03-20 13:53:44 +0300] [705] [INFO] Booting worker with pid: 705
